0 info it worked if it ends with ok
1 verbose cli [ 'node', '/usr/bin/npm', 'install', 'mangoose', '--save' ]
2 info using npm@2.8.3
3 info using node@v0.10.38
4 verbose node symlink /usr/bin/node
5 verbose install initial load of /home/sioux/Projects/epou/package.json
6 warn package.json firstnodeproject@ No repository field.
7 verbose installManyTop reading scoped package data from /home/sioux/Projects/epou/node_modules/express/package.json
8 verbose installManyTop reading scoped package data from /home/sioux/Projects/epou/node_modules/mongoose/package.json
9 verbose readDependencies loading dependencies from /home/sioux/Projects/epou/package.json
10 silly cache add args [ 'mangoose', null ]
11 verbose cache add spec mangoose
12 silly cache add parsed spec { raw: 'mangoose',
12 silly cache add   scope: null,
12 silly cache add   name: 'mangoose',
12 silly cache add   rawSpec: '',
12 silly cache add   spec: '*',
12 silly cache add   type: 'range' }
13 silly addNamed mangoose@*
14 verbose addNamed "*" is a valid semver range for mangoose
15 silly addNameRange { name: 'mangoose', range: '*', hasData: false }
16 silly mapToRegistry name mangoose
17 silly mapToRegistry using default registry
18 silly mapToRegistry registry https://registry.npmjs.org/
19 silly mapToRegistry uri https://registry.npmjs.org/mangoose
20 verbose addNameRange registry:https://registry.npmjs.org/mangoose not in flight; fetching
21 verbose request uri https://registry.npmjs.org/mangoose
22 verbose request no auth needed
23 info attempt registry request try #1 at 16:27:51
24 verbose request id c9eae03a84276bc5
25 http request GET https://registry.npmjs.org/mangoose
26 http 404 https://registry.npmjs.org/mangoose
27 verbose headers { date: 'Thu, 23 Apr 2015 14:27:54 GMT',
27 verbose headers   server: 'CouchDB/1.5.0 (Erlang OTP/R16B03)',
27 verbose headers   'content-type': 'application/json',
27 verbose headers   'cache-control': 'max-age=0',
27 verbose headers   'content-length': '51',
27 verbose headers   'accept-ranges': 'bytes',
27 verbose headers   via: '1.1 varnish',
27 verbose headers   age: '0',
27 verbose headers   'x-served-by': 'cache-lhr6327-LHR',
27 verbose headers   'x-cache': 'MISS',
27 verbose headers   'x-cache-hits': '0',
27 verbose headers   'x-timer': 'S1429799274.165115,VS0,VE361',
27 verbose headers   'keep-alive': 'timeout=10, max=50',
27 verbose headers   connection: 'Keep-Alive' }
28 silly get cb [ 404,
28 silly get   { date: 'Thu, 23 Apr 2015 14:27:54 GMT',
28 silly get     server: 'CouchDB/1.5.0 (Erlang OTP/R16B03)',
28 silly get     'content-type': 'application/json',
28 silly get     'cache-control': 'max-age=0',
28 silly get     'content-length': '51',
28 silly get     'accept-ranges': 'bytes',
28 silly get     via: '1.1 varnish',
28 silly get     age: '0',
28 silly get     'x-served-by': 'cache-lhr6327-LHR',
28 silly get     'x-cache': 'MISS',
28 silly get     'x-cache-hits': '0',
28 silly get     'x-timer': 'S1429799274.165115,VS0,VE361',
28 silly get     'keep-alive': 'timeout=10, max=50',
28 silly get     connection: 'Keep-Alive' } ]
29 verbose stack Error: 404 Not Found: mangoose
29 verbose stack     at CachingRegistryClient.<anonymous> (/usr/lib/node_modules/npm/node_modules/npm-registry-client/lib/request.js:245:14)
29 verbose stack     at Request._callback (/usr/lib/node_modules/npm/node_modules/npm-registry-client/lib/request.js:170:14)
29 verbose stack     at Request.self.callback (/usr/lib/node_modules/npm/node_modules/request/request.js:368:22)
29 verbose stack     at Request.emit (events.js:98:17)
29 verbose stack     at Request.<anonymous> (/usr/lib/node_modules/npm/node_modules/request/request.js:1219:14)
29 verbose stack     at Request.emit (events.js:117:20)
29 verbose stack     at IncomingMessage.<anonymous> (/usr/lib/node_modules/npm/node_modules/request/request.js:1167:12)
29 verbose stack     at IncomingMessage.emit (events.js:117:20)
29 verbose stack     at _stream_readable.js:944:16
29 verbose stack     at process._tickCallback (node.js:448:13)
30 verbose statusCode 404
31 verbose pkgid mangoose
32 verbose cwd /home/sioux/Projects/epou
33 error Linux 3.2.0-4-486
34 error argv "node" "/usr/bin/npm" "install" "mangoose" "--save"
35 error node v0.10.38
36 error npm  v2.8.3
37 error code E404
38 error 404 Not Found: mangoose
38 error 404
38 error 404 'mangoose' is not in the npm registry.
38 error 404 You should bug the author to publish it (or use the name yourself!)
38 error 404 It was specified as a dependency of 'firstnodeproject'
38 error 404
38 error 404 Note that you can also install from a
38 error 404 tarball, folder, http url, or git url.
39 verbose exit [ 1, true ]
